<?xml version="1.0" encoding="UTF-8"?>
<testsuite name="edu.mum.coffee.PersonServiceTest" time="0" tests="1" errors="1" skipped="0" failures="0">
  <properties>
[...]
</properties>
  <testcase name="initializationError" classname="edu.mum.coffee.PersonServiceTest" time="0">
    <error message="Unable to find a @SpringBootConfiguration, you need to use @ContextConfiguration or @SpringBootTest(classes=...) with your test" type="java.lang.IllegalStateException"><![CDATA[java.lang.IllegalStateException: Unable to find a @SpringBootConfiguration, you need to use @ContextConfiguration or @SpringBootTest(classes=...) with your test
	at org.springframework.util.Assert.state(Assert.java:70)
	at org.springframework.boot.test.context.SpringBootTestContextBootstrapper.getOrFindConfigurationClasses(SpringBootTestContextBootstrapper.java:202)
	at org.springframework.boot.test.context.SpringBootTestContextBootstrapper.processMergedContextConfiguration(SpringBootTestContextBootstrapper.java:137)
	at org.springframework.test.context.support.AbstractTestContextBootstrapper.buildMergedContextConfiguration(AbstractTestContextBootstrapper.java:409)
	at org.springframework.test.context.support.AbstractTestContextBootstrapper.buildDefaultMergedContextConfiguration(AbstractTestContextBootstrapper.java:323)
	at org.springframework.test.context.support.AbstractTestContextBootstrapper.buildMergedContextConfiguration(AbstractTestContextBootstrapper.java:277)
	at org.springframework.test.context.support.AbstractTestContextBootstrapper.buildTestContext(AbstractTestContextBootstrapper.java:112)
	at org.springframework.boot.test.context.SpringBootTestContextBootstrapper.buildTestContext(SpringBootTestContextBootstrapper.java:82)
	at org.springframework.test.context.TestContextManager.<init>(TestContextManager.java:120)
	at org.springframework.test.context.TestContextManager.<init>(TestContextManager.java:105)
	at org.springframework.test.context.junit4.SpringJUnit4ClassRunner.createTestContextManager(SpringJUnit4ClassRunner.java:152)
	at org.springframework.test.context.junit4.SpringJUnit4ClassRunner.<init>(SpringJUnit4ClassRunner.java:143)
	at org.springframework.test.context.junit4.SpringRunner.<init>(SpringRunner.java:49)
	at sun.reflect.NativeConstructorAccessorImpl.newInstance0(Native Method)
	at sun.reflect.NativeConstructorAccessorImpl.newInstance(NativeConstructorAccessorImpl.java:62)
	at sun.reflect.DelegatingConstructorAccessorImpl.newInstance(DelegatingConstructorAccessorImpl.java:45)
	at java.lang.reflect.Constructor.newInstance(Constructor.java:422)
	at org.junit.internal.builders.AnnotatedBuilder.buildRunner(AnnotatedBuilder.java:104)
	at org.junit.internal.builders.AnnotatedBuilder.runnerForClass(AnnotatedBuilder.java:86)
	at org.junit.runners.model.RunnerBuilder.safeRunnerForClass(RunnerBuilder.java:59)
	at org.junit.internal.builders.AllDefaultPossibilitiesBuilder.runnerForClass(AllDefaultPossibilitiesBuilder.java:26)
	at org.junit.runners.model.RunnerBuilder.safeRunnerForClass(RunnerBuilder.java:59)
	at org.junit.internal.requests.ClassRequest.getRunner(ClassRequest.java:33)
	at org.apache.maven.surefire.junit4.JUnit4Provider.execute(JUnit4Provider.java:283)
	at org.apache.maven.surefire.junit4.JUnit4Provider.executeWithRerun(JUnit4Provider.java:173)
	at org.apache.maven.surefire.junit4.JUnit4Provider.executeTestSet(JUnit4Provider.java:153)
	at org.apache.maven.surefire.junit4.JUnit4Provider.invoke(JUnit4Provider.java:128)
	at org.apache.maven.surefire.booter.ForkedBooter.invokeProviderInSameClassLoader(ForkedBooter.java:203)
	at org.apache.maven.surefire.booter.ForkedBooter.runSuitesInProcess(ForkedBooter.java:155)
	at org.apache.maven.surefire.booter.ForkedBooter.main(ForkedBooter.java:103)
]]></error>
    <system-out><![CDATA[21:29:48.745 [main] DEBUG org.springframework.test.context.junit4.SpringJUnit4ClassRunner - SpringJUnit4ClassRunner constructor called with [class edu.mum.coffee.PersonServiceTest]
21:29:48.745 [main] DEBUG org.springframework.test.context.BootstrapUtils - Instantiating CacheAwareContextLoaderDelegate from class [org.springframework.test.context.cache.DefaultCacheAwareContextLoaderDelegate]
21:29:48.745 [main] DEBUG org.springframework.test.context.BootstrapUtils - Instantiating BootstrapContext using constructor [public org.springframework.test.context.support.DefaultBootstrapContext(java.lang.Class,org.springframework.test.context.CacheAwareContextLoaderDelegate)]
21:29:48.755 [main] DEBUG org.springframework.test.context.BootstrapUtils - Instantiating TestContextBootstrapper for test class [edu.mum.coffee.PersonServiceTest] from class [org.springframework.boot.test.context.SpringBootTestContextBootstrapper]
21:29:48.757 [main] INFO org.springframework.boot.test.context.SpringBootTestContextBootstrapper - Neither @ContextConfiguration nor @ContextHierarchy found for test class [edu.mum.coffee.PersonServiceTest], using SpringBootContextLoader
21:29:48.758 [main] DEBUG org.springframework.test.context.support.AbstractContextLoader - Did not detect default resource location for test class [edu.mum.coffee.PersonServiceTest]: class path resource [edu/mum/coffee/PersonServiceTest-context.xml] does not exist
21:29:48.760 [main] DEBUG org.springframework.test.context.support.AbstractContextLoader - Did not detect default resource location for test class [edu.mum.coffee.PersonServiceTest]: class path resource [edu/mum/coffee/PersonServiceTestContext.groovy] does not exist
21:29:48.761 [main] INFO org.springframework.test.context.support.AbstractContextLoader - Could not detect default resource locations for test class [edu.mum.coffee.PersonServiceTest]: no resource found for suffixes {-context.xml, Context.groovy}.
21:29:48.761 [main] INFO org.springframework.test.context.support.AnnotationConfigContextLoaderUtils - Could not detect default configuration classes for test class [edu.mum.coffee.PersonServiceTest]: PersonServiceTest does not declare any static, non-private, non-final, nested classes annotated with @Configuration.
21:29:48.768 [main] DEBUG org.springframework.test.context.support.ActiveProfilesUtils - Could not find an 'annotation declaring class' for annotation type [org.springframework.test.context.ActiveProfiles] and class [edu.mum.coffee.PersonServiceTest]
21:29:48.768 [main] DEBUG org.springframework.core.env.StandardEnvironment - Adding [systemProperties] PropertySource with lowest search precedence
21:29:48.768 [main] DEBUG org.springframework.core.env.StandardEnvironment - Adding [systemEnvironment] PropertySource with lowest search precedence
21:29:48.769 [main] DEBUG org.springframework.core.env.StandardEnvironment - Initialized StandardEnvironment with PropertySources [systemProperties,systemEnvironment]
21:29:48.769 [main] DEBUG org.springframework.core.io.support.PathMatchingResourcePatternResolver - Resolved classpath location [edu/mum/coffee/] to resources [URL [file:/C:/Users/yeerick/Desktop/Uni%20Stuff/WAA/MavenProject/SpringProductShop/target/test-classes/edu/mum/coffee/]]
21:29:48.770 [main] DEBUG org.springframework.core.io.support.PathMatchingResourcePatternResolver - Looking for matching resources in directory tree [C:\Users\yeerick\Desktop\Uni Stuff\WAA\MavenProject\SpringProductShop\target\test-classes\edu\mum\coffee]
21:29:48.770 [main] DEBUG org.springframework.core.io.support.PathMatchingResourcePatternResolver - Searching directory [C:\Users\yeerick\Desktop\Uni Stuff\WAA\MavenProject\SpringProductShop\target\test-classes\edu\mum\coffee] for files matching pattern [C:/Users/yeerick/Desktop/Uni Stuff/WAA/MavenProject/SpringProductShop/target/test-classes/edu/mum/coffee/*.class]
21:29:48.774 [main] DEBUG org.springframework.core.io.support.PathMatchingResourcePatternResolver - Resolved location pattern [classpath*:edu/mum/coffee/*.class] to resources [file [C:\Users\yeerick\Desktop\Uni Stuff\WAA\MavenProject\SpringProductShop\target\test-classes\edu\mum\coffee\OrderServiceTest.class], file [C:\Users\yeerick\Desktop\Uni Stuff\WAA\MavenProject\SpringProductShop\target\test-classes\edu\mum\coffee\PersonServiceTest.class], file [C:\Users\yeerick\Desktop\Uni Stuff\WAA\MavenProject\SpringProductShop\target\test-classes\edu\mum\coffee\ProductServiceTest.class]]
21:29:48.783 [main] DEBUG org.springframework.core.io.support.PathMatchingResourcePatternResolver - Resolved classpath location [edu/mum/] to resources [URL [file:/C:/Users/yeerick/Desktop/Uni%20Stuff/WAA/MavenProject/SpringProductShop/target/test-classes/edu/mum/], URL [file:/C:/Users/yeerick/Desktop/Uni%20Stuff/WAA/MavenProject/SpringProductShop/target/classes/edu/mum/]]
21:29:48.783 [main] DEBUG org.springframework.core.io.support.PathMatchingResourcePatternResolver - Looking for matching resources in directory tree [C:\Users\yeerick\Desktop\Uni Stuff\WAA\MavenProject\SpringProductShop\target\test-classes\edu\mum]
21:29:48.783 [main] DEBUG org.springframework.core.io.support.PathMatchingResourcePatternResolver - Searching directory [C:\Users\yeerick\Desktop\Uni Stuff\WAA\MavenProject\SpringProductShop\target\test-classes\edu\mum] for files matching pattern [C:/Users/yeerick/Desktop/Uni Stuff/WAA/MavenProject/SpringProductShop/target/test-classes/edu/mum/*.class]
21:29:48.784 [main] DEBUG org.springframework.core.io.support.PathMatchingResourcePatternResolver - Looking for matching resources in directory tree [C:\Users\yeerick\Desktop\Uni Stuff\WAA\MavenProject\SpringProductShop\target\classes\edu\mum]
21:29:48.784 [main] DEBUG org.springframework.core.io.support.PathMatchingResourcePatternResolver - Searching directory [C:\Users\yeerick\Desktop\Uni Stuff\WAA\MavenProject\SpringProductShop\target\classes\edu\mum] for files matching pattern [C:/Users/yeerick/Desktop/Uni Stuff/WAA/MavenProject/SpringProductShop/target/classes/edu/mum/*.class]
21:29:48.784 [main] DEBUG org.springframework.core.io.support.PathMatchingResourcePatternResolver - Resolved location pattern [classpath*:edu/mum/*.class] to resources []
21:29:48.786 [main] DEBUG org.springframework.core.io.support.PathMatchingResourcePatternResolver - Resolved classpath location [edu/] to resources [URL [file:/C:/Users/yeerick/Desktop/Uni%20Stuff/WAA/MavenProject/SpringProductShop/target/test-classes/edu/], URL [file:/C:/Users/yeerick/Desktop/Uni%20Stuff/WAA/MavenProject/SpringProductShop/target/classes/edu/]]
21:29:48.786 [main] DEBUG org.springframework.core.io.support.PathMatchingResourcePatternResolver - Looking for matching resources in directory tree [C:\Users\yeerick\Desktop\Uni Stuff\WAA\MavenProject\SpringProductShop\target\test-classes\edu]
21:29:48.786 [main] DEBUG org.springframework.core.io.support.PathMatchingResourcePatternResolver - Searching directory [C:\Users\yeerick\Desktop\Uni Stuff\WAA\MavenProject\SpringProductShop\target\test-classes\edu] for files matching pattern [C:/Users/yeerick/Desktop/Uni Stuff/WAA/MavenProject/SpringProductShop/target/test-classes/edu/*.class]
21:29:48.787 [main] DEBUG org.springframework.core.io.support.PathMatchingResourcePatternResolver - Looking for matching resources in directory tree [C:\Users\yeerick\Desktop\Uni Stuff\WAA\MavenProject\SpringProductShop\target\classes\edu]
21:29:48.787 [main] DEBUG org.springframework.core.io.support.PathMatchingResourcePatternResolver - Searching directory [C:\Users\yeerick\Desktop\Uni Stuff\WAA\MavenProject\SpringProductShop\target\classes\edu] for files matching pattern [C:/Users/yeerick/Desktop/Uni Stuff/WAA/MavenProject/SpringProductShop/target/classes/edu/*.class]
21:29:48.791 [main] DEBUG org.springframework.core.io.support.PathMatchingResourcePatternResolver - Resolved location pattern [classpath*:edu/*.class] to resources []
]]></system-out>
  </testcase>
</testsuite>